Info: Starting: Create block symbol file (.bsf)
Info: qsys-generate I:\Quartus\NIOS_II_LedBlink\NIOS_II_Core.qsys --block-symbol-file --output-directory=I:\Quartus\NIOS_II_LedBlink\NIOS_II_Core --family="Cyclone IV E" --part=EP4CE6E22C8
Progress: Loading NIOS_II_LedBlink/NIOS_II_Core.qsys
Progress: Reading input file
Progress: Adding clk_0 [clock_source 17.1]
Progress: Parameterizing module clk_0
Progress: Adding nios2_gen2_0 [altera_nios2_gen2 17.1]
Progress: Parameterizing module nios2_gen2_0
Progress: Adding onchip_memory2_0 [altera_avalon_onchip_memory2 17.1]
Progress: Parameterizing module onchip_memory2_0
Progress: Adding pio_0 [altera_avalon_pio 17.1]
Progress: Parameterizing module pio_0
Progress: Building connections
Progress: Parameterizing connections
Progress: Validating
Progress: Done reading input file
Info: qsys-generate succeeded.
Info: Finished: Create block symbol file (.bsf)
Info: 
Info: Starting: Create HDL design files for synthesis
Info: qsys-generate I:\Quartus\NIOS_II_LedBlink\NIOS_II_Core.qsys --synthesis=VERILOG --output-directory=I:\Quartus\NIOS_II_LedBlink\NIOS_II_Core\synthesis --family="Cyclone IV E" --part=EP4CE6E22C8
Progress: Loading NIOS_II_LedBlink/NIOS_II_Core.qsys
Progress: Reading input file
Progress: Adding clk_0 [clock_source 17.1]
Progress: Parameterizing module clk_0
Progress: Adding nios2_gen2_0 [altera_nios2_gen2 17.1]
Progress: Parameterizing module nios2_gen2_0
Progress: Adding onchip_memory2_0 [altera_avalon_onchip_memory2 17.1]
Progress: Parameterizing module onchip_memory2_0
Progress: Adding pio_0 [altera_avalon_pio 17.1]
Progress: Parameterizing module pio_0
Progress: Building connections
Progress: Parameterizing connections
Progress: Validating
Progress: Done reading input file
Info: NIOS_II_Core: Generating NIOS_II_Core "NIOS_II_Core" for QUARTUS_SYNTH
Info: nios2_gen2_0: "NIOS_II_Core" instantiated altera_nios2_gen2 "nios2_gen2_0"
Info: onchip_memory2_0: Starting RTL generation for module 'NIOS_II_Core_onchip_memory2_0'
Info: onchip_memory2_0:   Generation command is [exec C:/intelfpga_lite/17.1/quartus/bin64/perl/bin/perl.exe -I C:/intelfpga_lite/17.1/quartus/bin64/perl/lib -I C:/intelfpga_lite/17.1/quartus/sopc_builder/bin/europa -I C:/intelfpga_lite/17.1/quartus/sopc_builder/bin/perl_lib -I C:/intelfpga_lite/17.1/quartus/sopc_builder/bin -I C:/intelfpga_lite/17.1/quartus/../ip/altera/sopc_builder_ip/common -I C:/intelfpga_lite/17.1/quartus/../ip/altera/sopc_builder_ip/altera_avalon_onchip_memory2 -- C:/intelfpga_lite/17.1/quartus/../ip/altera/sopc_builder_ip/altera_avalon_onchip_memory2/generate_rtl.pl --name=NIOS_II_Core_onchip_memory2_0 --dir=C:/Users/Strong/AppData/Local/Temp/alt7841_4897170338730532387.dir/0002_onchip_memory2_0_gen/ --quartus_dir=C:/intelfpga_lite/17.1/quartus --verilog --config=C:/Users/Strong/AppData/Local/Temp/alt7841_4897170338730532387.dir/0002_onchip_memory2_0_gen//NIOS_II_Core_onchip_memory2_0_component_configuration.pl  --do_build_sim=0  ]
Info: onchip_memory2_0: Done RTL generation for module 'NIOS_II_Core_onchip_memory2_0'
Info: onchip_memory2_0: "NIOS_II_Core" instantiated altera_avalon_onchip_memory2 "onchip_memory2_0"
Info: pio_0: Starting RTL generation for module 'NIOS_II_Core_pio_0'
Info: pio_0:   Generation command is [exec C:/intelfpga_lite/17.1/quartus/bin64/perl/bin/perl.exe -I C:/intelfpga_lite/17.1/quartus/bin64/perl/lib -I C:/intelfpga_lite/17.1/quartus/sopc_builder/bin/europa -I C:/intelfpga_lite/17.1/quartus/sopc_builder/bin/perl_lib -I C:/intelfpga_lite/17.1/quartus/sopc_builder/bin -I C:/intelfpga_lite/17.1/quartus/../ip/altera/sopc_builder_ip/common -I C:/intelfpga_lite/17.1/quartus/../ip/altera/sopc_builder_ip/altera_avalon_pio -- C:/intelfpga_lite/17.1/quartus/../ip/altera/sopc_builder_ip/altera_avalon_pio/generate_rtl.pl --name=NIOS_II_Core_pio_0 --dir=C:/Users/Strong/AppData/Local/Temp/alt7841_4897170338730532387.dir/0003_pio_0_gen/ --quartus_dir=C:/intelfpga_lite/17.1/quartus --verilog --config=C:/Users/Strong/AppData/Local/Temp/alt7841_4897170338730532387.dir/0003_pio_0_gen//NIOS_II_Core_pio_0_component_configuration.pl  --do_build_sim=0  ]
Info: pio_0: Done RTL generation for module 'NIOS_II_Core_pio_0'
Info: pio_0: "NIOS_II_Core" instantiated altera_avalon_pio "pio_0"
Info: avalon_st_adapter: Inserting error_adapter: error_adapter_0
Info: avalon_st_adapter_001: Inserting error_adapter: error_adapter_0
Info: avalon_st_adapter_002: Inserting error_adapter: error_adapter_0
Info: mm_interconnect_0: "NIOS_II_Core" instantiated altera_mm_interconnect "mm_interconnect_0"
Info: irq_mapper: "NIOS_II_Core" instantiated altera_irq_mapper "irq_mapper"
Info: rst_controller: "NIOS_II_Core" instantiated altera_reset_controller "rst_controller"
Info: cpu: Starting RTL generation for module 'NIOS_II_Core_nios2_gen2_0_cpu'
Info: cpu:   Generation command is [exec C:/intelFPGA_lite/17.1/quartus/bin64//eperlcmd.exe -I C:/intelFPGA_lite/17.1/quartus/bin64//perl/lib -I C:/intelfpga_lite/17.1/quartus/sopc_builder/bin/europa -I C:/intelfpga_lite/17.1/quartus/sopc_builder/bin/perl_lib -I C:/intelfpga_lite/17.1/quartus/sopc_builder/bin -I C:/intelfpga_lite/17.1/quartus/../ip/altera/nios2_ip/altera_nios2_gen2/cpu_lib -I C:/intelfpga_lite/17.1/quartus/../ip/altera/nios2_ip/altera_nios2_gen2/nios_lib -I C:/intelfpga_lite/17.1/quartus/../ip/altera/nios2_ip/altera_nios2_gen2 -I C:/intelfpga_lite/17.1/quartus/../ip/altera/nios2_ip/altera_nios2_gen2 -- C:/intelfpga_lite/17.1/quartus/../ip/altera/nios2_ip/altera_nios2_gen2/generate_rtl.epl --name=NIOS_II_Core_nios2_gen2_0_cpu --dir=C:/Users/Strong/AppData/Local/Temp/alt7841_4897170338730532387.dir/0006_cpu_gen/ --quartus_bindir=C:/intelFPGA_lite/17.1/quartus/bin64/ --verilog --config=C:/Users/Strong/AppData/Local/Temp/alt7841_4897170338730532387.dir/0006_cpu_gen//NIOS_II_Core_nios2_gen2_0_cpu_processor_configuration.pl  --do_build_sim=0  ]
Info: cpu: # 2018.11.06 23:03:57 (*) Starting Nios II generation
Info: cpu: # 2018.11.06 23:03:57 (*)   Checking for plaintext license.
Info: cpu: # 2018.11.06 23:03:58 (*)   Couldn't query license setup in Quartus directory C:/intelFPGA_lite/17.1/quartus/bin64/
Info: cpu: # 2018.11.06 23:03:58 (*)   Defaulting to contents of LM_LICENSE_FILE environment variable
Info: cpu: # 2018.11.06 23:03:58 (*)   LM_LICENSE_FILE environment variable is empty
Info: cpu: # 2018.11.06 23:03:58 (*)   Plaintext license not found.
Info: cpu: # 2018.11.06 23:03:58 (*)   No license required to generate encrypted Nios II/e.
Info: cpu: # 2018.11.06 23:03:58 (*)   Elaborating CPU configuration settings
Info: cpu: # 2018.11.06 23:03:58 (*)   Creating all objects for CPU
Info: cpu: # 2018.11.06 23:04:00 (*)   Generating RTL from CPU objects
Info: cpu: # 2018.11.06 23:04:00 (*)   Creating plain-text RTL
Info: cpu: # 2018.11.06 23:04:01 (*) Done Nios II generation
Info: cpu: Done RTL generation for module 'NIOS_II_Core_nios2_gen2_0_cpu'
Info: cpu: "nios2_gen2_0" instantiated altera_nios2_gen2_unit "cpu"
Info: nios2_gen2_0_data_master_translator: "mm_interconnect_0" instantiated altera_merlin_master_translator "nios2_gen2_0_data_master_translator"
Info: nios2_gen2_0_debug_mem_slave_translator: "mm_interconnect_0" instantiated altera_merlin_slave_translator "nios2_gen2_0_debug_mem_slave_translator"
Info: nios2_gen2_0_data_master_agent: "mm_interconnect_0" instantiated altera_merlin_master_agent "nios2_gen2_0_data_master_agent"
Info: nios2_gen2_0_debug_mem_slave_agent: "mm_interconnect_0" instantiated altera_merlin_slave_agent "nios2_gen2_0_debug_mem_slave_agent"
Info: nios2_gen2_0_debug_mem_slave_agent_rsp_fifo: "mm_interconnect_0" instantiated altera_avalon_sc_fifo "nios2_gen2_0_debug_mem_slave_agent_rsp_fifo"
Info: router: "mm_interconnect_0" instantiated altera_merlin_router "router"
Info: router_001: "mm_interconnect_0" instantiated altera_merlin_router "router_001"
Info: router_002: "mm_interconnect_0" instantiated altera_merlin_router "router_002"
Info: router_004: "mm_interconnect_0" instantiated altera_merlin_router "router_004"
Info: cmd_demux: "mm_interconnect_0" instantiated altera_merlin_demultiplexer "cmd_demux"
Info: cmd_demux_001: "mm_interconnect_0" instantiated altera_merlin_demultiplexer "cmd_demux_001"
Info: cmd_mux: "mm_interconnect_0" instantiated altera_merlin_multiplexer "cmd_mux"
Info: cmd_mux_002: "mm_interconnect_0" instantiated altera_merlin_multiplexer "cmd_mux_002"
Info: Reusing file I:/Quartus/NIOS_II_LedBlink/NIOS_II_Core/synthesis/submodules/altera_merlin_arbitrator.sv
Info: rsp_demux_002: "mm_interconnect_0" instantiated altera_merlin_demultiplexer "rsp_demux_002"
Info: rsp_mux: "mm_interconnect_0" instantiated altera_merlin_multiplexer "rsp_mux"
Info: Reusing file I:/Quartus/NIOS_II_LedBlink/NIOS_II_Core/synthesis/submodules/altera_merlin_arbitrator.sv
Info: rsp_mux_001: "mm_interconnect_0" instantiated altera_merlin_multiplexer "rsp_mux_001"
Info: Reusing file I:/Quartus/NIOS_II_LedBlink/NIOS_II_Core/synthesis/submodules/altera_merlin_arbitrator.sv
Info: avalon_st_adapter: "mm_interconnect_0" instantiated altera_avalon_st_adapter "avalon_st_adapter"
Info: error_adapter_0: "avalon_st_adapter" instantiated error_adapter "error_adapter_0"
Info: NIOS_II_Core: Done "NIOS_II_Core" with 26 modules, 39 files
Info: qsys-generate succeeded.
Info: Finished: Create HDL design files for synthesis
