15:30:06 **** Build of configuration Nios II for project NIOS_II_LedBlink_Firmware ****
make mem_init_generate 
Info: Building ../NIOS_II_LedBlink_Firmware_bsp/
C:/intelFPGA_lite/17.1/nios2eds/bin/gnu/H-x86_64-mingw32/bin/make --no-print-directory -C ../NIOS_II_LedBlink_Firmware_bsp/
[BSP build complete]
Post-processing to create mem_init/NIOS_II_Core_onchip_memory2_0.hex...
elf2hex NIOS_II_LedBlink_Firmware.elf 0x00001000 0x00001fff --width=32 --little-endian-mem --create-lanes=0 mem_init/NIOS_II_Core_onchip_memory2_0.hex
Post-processing to create mem_init/hdl_sim/NIOS_II_Core_onchip_memory2_0.dat...
elf2dat --infile=NIOS_II_LedBlink_Firmware.elf --outfile=mem_init/hdl_sim/NIOS_II_Core_onchip_memory2_0.dat \
		--base=0x00001000 --end=0x00001fff --width=32 \
		--little-endian-mem --create-lanes=0 
Post-processing to create mem_init/hdl_sim/NIOS_II_Core_onchip_memory2_0.sym...
nios2-elf-nm -n NIOS_II_LedBlink_Firmware.elf > mem_init/hdl_sim/NIOS_II_Core_onchip_memory2_0.sym
16:07:22 **** Incremental Build of configuration Nios II for project NIOS_II_LedBlink_Firmware ****
make all 
Info: Building ../NIOS_II_LedBlink_Firmware_bsp/
C:/intelFPGA_lite/17.1/nios2eds/bin/gnu/H-x86_64-mingw32/bin/make --no-print-directory -C ../NIOS_II_LedBlink_Firmware_bsp/
Makefile not up to date.
../../NIOS_II_Core.sopcinfo has been modified since the BSP was generated.

Generate the BSP to update the Makefile, and then build again.

To generate from Eclipse:
 1. Right-click the BSP project.
 2. In the Nios II Menu, click Generate BSP.

To generate from the command line:
 nios2-bsp-generate-files --settings=<settings file> --bsp-dir=<target bsp files directory>

make[1]: *** [public.mk] Error 1
make: *** [../NIOS_II_LedBlink_Firmware_bsp/-recurs-make-lib] Error 2
16:08:20 **** Incremental Build of configuration Nios II for project NIOS_II_LedBlink_Firmware ****
make all 
Info: Building ../NIOS_II_LedBlink_Firmware_bsp/
C:/intelFPGA_lite/17.1/nios2eds/bin/gnu/H-x86_64-mingw32/bin/make --no-print-directory -C ../NIOS_II_LedBlink_Firmware_bsp/
Makefile not up to date.
../../NIOS_II_Core.sopcinfo has been modified since the BSP was generated.

Generate the BSP to update the Makefile, and then build again.

To generate from Eclipse:
 1. Right-click the BSP project.
 2. In the Nios II Menu, click Generate BSP.

To generate from the command line:
 nios2-bsp-generate-files --settings=<settings file> --bsp-dir=<target bsp files directory>

make[1]: *** [public.mk] Error 1
make: *** [../NIOS_II_LedBlink_Firmware_bsp/-recurs-make-lib] Error 2
16:08:47 **** Incremental Build of configuration Nios II for project NIOS_II_LedBlink_Firmware ****
make all 
Info: Building ../NIOS_II_LedBlink_Firmware_bsp/
C:/intelFPGA_lite/17.1/nios2eds/bin/gnu/H-x86_64-mingw32/bin/make --no-print-directory -C ../NIOS_II_LedBlink_Firmware_bsp/
Makefile not up to date.
../../NIOS_II_Core.sopcinfo has been modified since the BSP was generated.

Generate the BSP to update the Makefile, and then build again.

To generate from Eclipse:
 1. Right-click the BSP project.
 2. In the Nios II Menu, click Generate BSP.

To generate from the command line:
 nios2-bsp-generate-files --settings=<settings file> --bsp-dir=<target bsp files directory>

make[1]: *** [public.mk] Error 1
make: *** [../NIOS_II_LedBlink_Firmware_bsp/-recurs-make-lib] Error 2
