Flow report for NIOS_II_LedBlink
Tue Nov 06 23:12:14 2018
Quartus Prime Version 17.1.0 Build 590 10/25/2017 SJ Lite Edition


---------------------
; Table of Contents ;
---------------------
  1. Legal Notice
  2. Flow Summary
  3. Flow Settings
  4. Flow Non-Default Global Settings
  5. Flow Elapsed Time
  6. Flow OS Summary
  7. Flow Log
  8. Flow Messages
  9. Flow Suppressed Messages



----------------
; Legal Notice ;
----------------
Copyright (C) 2017  Intel Corporation. All rights reserved.
Your use of Intel Corporation's design tools, logic functions 
and other software and tools, and its AMPP partner logic 
functions, and any output files from any of the foregoing 
(including device programming or simulation files), and any 
associated documentation or information are expressly subject 
to the terms and conditions of the Intel Program License 
Subscription Agreement, the Intel Quartus Prime License Agreement,
the Intel FPGA IP License Agreement, or other applicable license
agreement, including, without limitation, that your use is for
the sole purpose of programming logic devices manufactured by
Intel and sold by Intel or its authorized distributors.  Please
refer to the applicable agreement for further details.



+----------------------------------------------------------------------------------+
; Flow Summary                                                                     ;
+------------------------------------+---------------------------------------------+
; Flow Status                        ; Successful - Tue Nov 06 23:12:09 2018       ;
; Quartus Prime Version              ; 17.1.0 Build 590 10/25/2017 SJ Lite Edition ;
; Revision Name                      ; NIOS_II_LedBlink                            ;
; Top-level Entity Name              ; NIOS_II_LedBlink                            ;
; Family                             ; Cyclone IV E                                ;
; Device                             ; EP4CE6E22C8                                 ;
; Timing Models                      ; Final                                       ;
; Total logic elements               ; 1,339 / 6,272 ( 21 % )                      ;
;     Total combinational functions  ; 1,255 / 6,272 ( 20 % )                      ;
;     Dedicated logic registers      ; 730 / 6,272 ( 12 % )                        ;
; Total registers                    ; 730                                         ;
; Total pins                         ; 10 / 92 ( 11 % )                            ;
; Total virtual pins                 ; 0                                           ;
; Total memory bits                  ; 43,008 / 276,480 ( 16 % )                   ;
; Embedded Multiplier 9-bit elements ; 0 / 30 ( 0 % )                              ;
; Total PLLs                         ; 0 / 2 ( 0 % )                               ;
+------------------------------------+---------------------------------------------+


+-----------------------------------------+
; Flow Settings                           ;
+-------------------+---------------------+
; Option            ; Setting             ;
+-------------------+---------------------+
; Start date & time ; 11/06/2018 23:11:00 ;
; Main task         ; Compilation         ;
; Revision Name     ; NIOS_II_LedBlink    ;
+-------------------+---------------------+


+--------------------------------------------------------------------------------------------------------------------------------------------------+
; Flow Non-Default Global Settings                                                                                                                 ;
+-------------------------------------+----------------------------------------------------------------+---------------+--------------+------------+
; Assignment Name                     ; Value                                                          ; Default Value ; Entity Name  ; Section Id ;
+-------------------------------------+----------------------------------------------------------------+---------------+--------------+------------+
; COMPILER_SIGNATURE_ID               ; 1099221444555.154153145911948                                  ; --            ; --           ; --         ;
; MAX_CORE_JUNCTION_TEMP              ; 85                                                             ; --            ; --           ; --         ;
; MIN_CORE_JUNCTION_TEMP              ; 0                                                              ; --            ; --           ; --         ;
; MISC_FILE                           ; NIOS_II_Core/synthesis/../NIOS_II_Core.cmp                     ; --            ; --           ; --         ;
; MISC_FILE                           ; NIOS_II_Core/synthesis/../../NIOS_II_Core.qsys                 ; --            ; --           ; --         ;
; MISC_FILE                           ; pll25.bsf                                                      ; --            ; --           ; --         ;
; MISC_FILE                           ; pll25_bb.v                                                     ; --            ; --           ; --         ;
; MISC_FILE                           ; pll25.ppf                                                      ; --            ; --           ; --         ;
; NOMINAL_CORE_SUPPLY_VOLTAGE         ; 1.2V                                                           ; --            ; --           ; --         ;
; PARTITION_COLOR                     ; -- (Not supported for targeted family)                         ; --            ; --           ; Top        ;
; PARTITION_FITTER_PRESERVATION_LEVEL ; -- (Not supported for targeted family)                         ; --            ; --           ; Top        ;
; PARTITION_NETLIST_TYPE              ; -- (Not supported for targeted family)                         ; --            ; --           ; Top        ;
; POWER_BOARD_THERMAL_MODEL           ; None (CONSERVATIVE)                                            ; --            ; --           ; --         ;
; POWER_PRESET_COOLING_SOLUTION       ; 23 MM HEAT SINK WITH 200 LFPM AIRFLOW                          ; --            ; --           ; --         ;
; PROJECT_OUTPUT_DIRECTORY            ; output_files                                                   ; --            ; --           ; --         ;
; SLD_FILE                            ; NIOS_II_Core/synthesis/NIOS_II_Core.regmap                     ; --            ; --           ; --         ;
; SLD_FILE                            ; NIOS_II_Core/synthesis/NIOS_II_Core.debuginfo                  ; --            ; --           ; --         ;
; SLD_INFO                            ; QSYS_NAME NIOS_II_Core HAS_SOPCINFO 1 GENERATION_ID 1541531023 ; --            ; NIOS_II_Core ; --         ;
; SOPCINFO_FILE                       ; NIOS_II_Core/synthesis/../../NIOS_II_Core.sopcinfo             ; --            ; --           ; --         ;
; SYNTHESIS_ONLY_QIP                  ; On                                                             ; --            ; --           ; --         ;
+-------------------------------------+----------------------------------------------------------------+---------------+--------------+------------+


+-------------------------------------------------------------------------------------------------------------------------------+
; Flow Elapsed Time                                                                                                             ;
+---------------------------+--------------+-------------------------+---------------------+------------------------------------+
; Module Name               ; Elapsed Time ; Average Processors Used ; Peak Virtual Memory ; Total CPU Time (on all processors) ;
+---------------------------+--------------+-------------------------+---------------------+------------------------------------+
; Analysis & Synthesis      ; 00:00:49     ; 1.0                     ; 4886 MB             ; 00:01:21                           ;
; Fitter                    ; 00:00:11     ; 1.1                     ; 5538 MB             ; 00:00:14                           ;
; Assembler                 ; 00:00:03     ; 1.0                     ; 4695 MB             ; 00:00:03                           ;
; TimeQuest Timing Analyzer ; 00:00:04     ; 1.2                     ; 4787 MB             ; 00:00:04                           ;
; Total                     ; 00:01:07     ; --                      ; --                  ; 00:01:42                           ;
+---------------------------+--------------+-------------------------+---------------------+------------------------------------+


+-----------------------------------------------------------------------------------------+
; Flow OS Summary                                                                         ;
+---------------------------+------------------+------------+------------+----------------+
; Module Name               ; Machine Hostname ; OS Name    ; OS Version ; Processor type ;
+---------------------------+------------------+------------+------------+----------------+
; Analysis & Synthesis      ; Xeon-Machine     ; Windows 10 ; 10.0       ; x86_64         ;
; Fitter                    ; Xeon-Machine     ; Windows 10 ; 10.0       ; x86_64         ;
; Assembler                 ; Xeon-Machine     ; Windows 10 ; 10.0       ; x86_64         ;
; TimeQuest Timing Analyzer ; Xeon-Machine     ; Windows 10 ; 10.0       ; x86_64         ;
+---------------------------+------------------+------------+------------+----------------+


------------
; Flow Log ;
------------
quartus_map --read_settings_files=on --write_settings_files=off NIOS_II_LedBlink -c NIOS_II_LedBlink
quartus_fit --read_settings_files=off --write_settings_files=off NIOS_II_LedBlink -c NIOS_II_LedBlink
quartus_asm --read_settings_files=off --write_settings_files=off NIOS_II_LedBlink -c NIOS_II_LedBlink
quartus_sta NIOS_II_LedBlink -c NIOS_II_LedBlink



