MIF/HEX Update report for NIOS_II_LedBlink
Tue Nov 06 22:30:49 2018
Quartus Prime Version 17.1.0 Build 590 10/25/2017 SJ Lite Edition


---------------------
; Table of Contents ;
---------------------
  1. Legal Notice
  2. MIF/HEX Update Summary
  3. MIF/HEX Update Processed Files
  4. MIF/HEX Update Messages



----------------
; Legal Notice ;
----------------
Copyright (C) 2017  Intel Corporation. All rights reserved.
Your use of Intel Corporation's design tools, logic functions 
and other software and tools, and its AMPP partner logic 
functions, and any output files from any of the foregoing 
(including device programming or simulation files), and any 
associated documentation or information are expressly subject 
to the terms and conditions of the Intel Program License 
Subscription Agreement, the Intel Quartus Prime License Agreement,
the Intel FPGA IP License Agreement, or other applicable license
agreement, including, without limitation, that your use is for
the sole purpose of programming logic devices manufactured by
Intel and sold by Intel or its authorized distributors.  Please
refer to the applicable agreement for further details.



+---------------------------------------------------------------+
; MIF/HEX Update Summary                                        ;
+-----------------------+---------------------------------------+
; MIF/HEX Update Status ; Successful - Tue Nov 06 22:30:49 2018 ;
; Revision Name         ; NIOS_II_LedBlink                      ;
; Top-level Entity Name ; NIOS_II_LedBlink                      ;
; Family                ; Cyclone IV E                          ;
; Device                ; EP4CE6E22C8                           ;
+-----------------------+---------------------------------------+


+---------------------------------------------------------------+
; MIF/HEX Update Processed Files                                ;
+---------------------------------------------------------------+
; File Name                                                     ;
+---------------------------------------------------------------+
; I:/Quartus/NIOS_II_LedBlink/NIOS_II_Core_onchip_memory2_0.hex ;
+---------------------------------------------------------------+


+-------------------------+
; MIF/HEX Update Messages ;
+-------------------------+
Info: *******************************************************************
Info: Running Quartus Prime MIF/HEX Update
    Info: Version 17.1.0 Build 590 10/25/2017 SJ Lite Edition
    Info: Processing started: Tue Nov 06 22:30:48 2018
Info: Command: quartus_cdb NIOS_II_LedBlink -c NIOS_II_LedBlink --update_mif
Warning (18236): Number of processors has not been specified which may cause overloading on shared machines.  Set the global assignment NUM_PARALLEL_PROCESSORS in your QSF to an appropriate value for best performance.
Warning (113015): Width of data items in "NIOS_II_Core_onchip_memory2_0.hex" is greater than the memory width. Wrapping data items to subsequent addresses. Found 128 warnings, reporting 10 File: I:/Quartus/NIOS_II_LedBlink/NIOS_II_Core_onchip_memory2_0.hex Line: 1
    Warning (113009): Data at line (2) of memory initialization file "NIOS_II_Core_onchip_memory2_0.hex" is too wide to fit in one memory word. Wrapping data to subsequent addresses. File: I:/Quartus/NIOS_II_LedBlink/NIOS_II_Core_onchip_memory2_0.hex Line: 2
    Warning (113009): Data at line (3) of memory initialization file "NIOS_II_Core_onchip_memory2_0.hex" is too wide to fit in one memory word. Wrapping data to subsequent addresses. File: I:/Quartus/NIOS_II_LedBlink/NIOS_II_Core_onchip_memory2_0.hex Line: 3
    Warning (113009): Data at line (4) of memory initialization file "NIOS_II_Core_onchip_memory2_0.hex" is too wide to fit in one memory word. Wrapping data to subsequent addresses. File: I:/Quartus/NIOS_II_LedBlink/NIOS_II_Core_onchip_memory2_0.hex Line: 4
    Warning (113009): Data at line (5) of memory initialization file "NIOS_II_Core_onchip_memory2_0.hex" is too wide to fit in one memory word. Wrapping data to subsequent addresses. File: I:/Quartus/NIOS_II_LedBlink/NIOS_II_Core_onchip_memory2_0.hex Line: 5
    Warning (113009): Data at line (6) of memory initialization file "NIOS_II_Core_onchip_memory2_0.hex" is too wide to fit in one memory word. Wrapping data to subsequent addresses. File: I:/Quartus/NIOS_II_LedBlink/NIOS_II_Core_onchip_memory2_0.hex Line: 6
    Warning (113009): Data at line (7) of memory initialization file "NIOS_II_Core_onchip_memory2_0.hex" is too wide to fit in one memory word. Wrapping data to subsequent addresses. File: I:/Quartus/NIOS_II_LedBlink/NIOS_II_Core_onchip_memory2_0.hex Line: 7
    Warning (113009): Data at line (8) of memory initialization file "NIOS_II_Core_onchip_memory2_0.hex" is too wide to fit in one memory word. Wrapping data to subsequent addresses. File: I:/Quartus/NIOS_II_LedBlink/NIOS_II_Core_onchip_memory2_0.hex Line: 8
    Warning (113009): Data at line (9) of memory initialization file "NIOS_II_Core_onchip_memory2_0.hex" is too wide to fit in one memory word. Wrapping data to subsequent addresses. File: I:/Quartus/NIOS_II_LedBlink/NIOS_II_Core_onchip_memory2_0.hex Line: 9
    Warning (113009): Data at line (10) of memory initialization file "NIOS_II_Core_onchip_memory2_0.hex" is too wide to fit in one memory word. Wrapping data to subsequent addresses. File: I:/Quartus/NIOS_II_LedBlink/NIOS_II_Core_onchip_memory2_0.hex Line: 10
    Warning (113009): Data at line (11) of memory initialization file "NIOS_II_Core_onchip_memory2_0.hex" is too wide to fit in one memory word. Wrapping data to subsequent addresses. File: I:/Quartus/NIOS_II_LedBlink/NIOS_II_Core_onchip_memory2_0.hex Line: 11
Info (39024): Processed the following Memory Initialization File(s)
    Info (39025): Processed Memory Initialization File I:/Quartus/NIOS_II_LedBlink/NIOS_II_Core_onchip_memory2_0.hex File: I:/Quartus/NIOS_II_LedBlink/NIOS_II_Core_onchip_memory2_0.hex Line: 0
Info: Quartus Prime MIF/HEX Update was successful. 0 errors, 12 warnings
    Info: Peak virtual memory: 4714 megabytes
    Info: Processing ended: Tue Nov 06 22:30:49 2018
    Info: Elapsed time: 00:00:01
    Info: Total CPU time (on all processors): 00:00:01


